Invalid port. Exiting...
1601201315886	geckodriver	INFO	Listening on 127.0.0.1:61721
1601201318950	mozrunner::runner	INFO	Running command: "C:\\Program Files\\Mozilla Firefox\\firefox.exe" "--marionette" "-foreground" "-no-remote" "-profile" "C:\\Users\\LELOUC~1\\AppData\\Local\\Temp\\rust_mozprofilea6ZmzW"
Can't find symbol 'eglSwapBuffersWithDamageEXT'.
JavaScript error: resource://gre/modules/XULStore.jsm, line 66: Error: Can't find profile directory.
console.error: SearchCache: "_readCacheFile: Error reading cache file:" (new Error("", "(unknown module)"))
1601201322045	Marionette	INFO	Listening on port 61735
1601201322099	Marionette	WARN	TLS certificate errors will be ignored for this session
1601201335315	Marionette	INFO	Stopped listening on port 61735

###!!! [Child][RunMessage] Error: Channel closing: too late to send/recv, messages will be lost


###!!! [Child][MessageChannel::SendAndWait] Error: Channel error: cannot send/recv

1601201464720	geckodriver	INFO	Listening on 127.0.0.1:61903
1601201467749	mozrunner::runner	INFO	Running command: "C:\\Program Files\\Mozilla Firefox\\firefox.exe" "--marionette" "-foreground" "-no-remote" "-profile" "C:\\Users\\LELOUC~1\\AppData\\Local\\Temp\\rust_mozprofilepkXKCZ"
Can't find symbol 'eglSwapBuffersWithDamageEXT'.
JavaScript error: resource://gre/modules/XULStore.jsm, line 66: Error: Can't find profile directory.
console.error: SearchCache: "_readCacheFile: Error reading cache file:" (new Error("", "(unknown module)"))
1601201471462	Marionette	INFO	Listening on port 61913
1601201471907	Marionette	WARN	TLS certificate errors will be ignored for this session
1601201477052	Marionette	INFO	Stopped listening on port 61913

###!!! [Child][RunMessage] Error: Channel closing: too late to send/recv, messages will be lost


###!!! [Child][MessageChannel::SendAndWait] Error: Channel error: cannot send/recv

1601201482276	geckodriver	INFO	Listening on 127.0.0.1:61974
1601201485321	mozrunner::runner	INFO	Running command: "C:\\Program Files\\Mozilla Firefox\\firefox.exe" "--marionette" "-foreground" "-no-remote" "-profile" "C:\\Users\\LELOUC~1\\AppData\\Local\\Temp\\rust_mozprofileuTt9b1"
Can't find symbol 'eglSwapBuffersWithDamageEXT'.
JavaScript error: resource://gre/modules/XULStore.jsm, line 66: Error: Can't find profile directory.
console.error: SearchCache: "_readCacheFile: Error reading cache file:" (new Error("", "(unknown module)"))
1601201488863	Marionette	INFO	Listening on port 61985
1601201488989	Marionette	WARN	TLS certificate errors will be ignored for this session
1601201496592	Marionette	INFO	Stopped listening on port 61985

###!!! [Child][RunMessage] Error: Channel closing: too late to send/recv, messages will be lost


###!!! [Child][MessageChannel::SendAndWait] Error: Channel error: cannot send/recv

1601201500296	geckodriver	INFO	Listening on 127.0.0.1:62046
1601201503331	mozrunner::runner	INFO	Running command: "C:\\Program Files\\Mozilla Firefox\\firefox.exe" "--marionette" "-foreground" "-no-remote" "-profile" "C:\\Users\\LELOUC~1\\AppData\\Local\\Temp\\rust_mozprofile8dOJyH"
Can't find symbol 'eglSwapBuffersWithDamageEXT'.
JavaScript error: resource://gre/modules/XULStore.jsm, line 66: Error: Can't find profile directory.
console.error: SearchCache: "_readCacheFile: Error reading cache file:" (new Error("", "(unknown module)"))
1601201506379	Marionette	INFO	Listening on port 62056
1601201506493	Marionette	WARN	TLS certificate errors will be ignored for this session
console.warn: "Got a mutation for an unexpected actor: server0.conn1.child2/domnode310, please file a bug on bugzilla.mozilla.org!"
console.trace: 
resource://devtools/client/fronts/walker.js 276 getMutations
console.warn: "Got a mutation for an unexpected actor: server0.conn1.child2/domnode324, please file a bug on bugzilla.mozilla.org!"
console.trace: 
resource://devtools/client/fronts/walker.js 276 getMutations
console.error: "Error writing request: getGrids"
console.warn: "Got a mutation for an unexpected actor: server0.conn1.child2/domnode820, please file a bug on bugzilla.mozilla.org!"
console.trace: 
resource://devtools/client/fronts/walker.js 276 getMutations
console.warn: "Got a mutation for an unexpected actor: server0.conn1.child2/domnode1030, please file a bug on bugzilla.mozilla.org!"
console.trace: 
resource://devtools/client/fronts/walker.js 276 getMutations
console.warn: "Got a mutation for an unexpected actor: server0.conn1.child2/domnode1036, please file a bug on bugzilla.mozilla.org!"
console.trace: 
resource://devtools/client/fronts/walker.js 276 getMutations
console.warn: "Got a mutation for an unexpected actor: server0.conn1.child2/domnode1036, please file a bug on bugzilla.mozilla.org!"
console.trace: 
resource://devtools/client/fronts/walker.js 276 getMutations
console.warn: "Got a mutation for an unexpected actor: server0.conn1.child2/domnode1003, please file a bug on bugzilla.mozilla.org!"
console.trace: 
resource://devtools/client/fronts/walker.js 276 getMutations
Can't find symbol 'eglSwapBuffersWithDamageEXT'.
Handler function threw an exception: TypeError: topFrame.browsingContext is null
Stack: matchRequest@resource://devtools/server/actors/network-monitor/network-observer.js:111:9
_onRequestHeader@resource://devtools/server/actors/network-monitor/network-observer.js:857:10
NetworkObserver.prototype.observeActivity<@resource://devtools/server/actors/network-monitor/network-observer.js:632:12
exports.makeInfallible/<@resource://devtools/shared/ThreadSafeDevToolsUtils.js:103:22
Line: 111, column: 9
console.error: (new TypeError("topFrame.browsingContext is null", "resource://devtools/server/actors/network-monitor/network-observer.js", 111))
1601206273425	Marionette	INFO	Stopped listening on port 62056

###!!! [Child][RunMessage] Error: Channel closing: too late to send/recv, messages will be lost


###!!! [Child][MessageChannel::SendAndWait] Error: Channel error: cannot send/recv

: too late to send/recv, messages will be lost


###!!! [Child][MessageChannel::SendAndWait] Error: Channel error: cannot send/recv

1601204315119	geckodriver	INFO	Listening on 127.0.0.1:64378
1601204318155	mozrunner::runner	INFO	Running command: "C:\\Program Files\\Mozilla Firefox\\firefox.exe" "--marionette" "-foreground" "-no-remote" "-profile" "C:\\Users\\LELOUC~1\\AppData\\Local\\Temp\\rust_mozprofileoSAV3a"
Can't find symbol 'eglSwapBuffersWithDamageEXT'.
JavaScript error: resource://gre/modules/XULStore.jsm, line 66: Error: Can't find profile directory.
console.error: SearchCache: "_readCacheFile: Error reading cache file:" (new Error("", "(unknown module)"))
1601204321161	Marionette	INFO	Listening on port 64388
1601204321301	Marionette	WARN	TLS certificate errors will be ignored for this session
1601204338013	Marionette	INFO	Stopped listening on port 64388

###!!! [Child][RunMessage] Error: Channel closing: too late to send/recv, messages will be lost


###!!! [Child][MessageChannel::SendAndWait] Error: Channel error: cannot send/recv

1601205054620	geckodriver	INFO	Listening on 127.0.0.1:65022
1601205057650	mozrunner::runner	INFO	Running command: "C:\\Program Files\\Mozilla Firefox\\firefox.exe" "--marionette" "-foreground" "-no-remote" "-profile" "C:\\Users\\LELOUC~1\\AppData\\Local\\Temp\\rust_mozprofileGFYGUe"
Can't find symbol 'eglSwapBuffersWithDamageEXT'.
JavaScript error: resource://gre/modules/XULStore.jsm, line 66: Error: Can't find profile directory.
console.error: SearchCache: "_readCacheFile: Error reading cache file:" (new Error("", "(unknown module)"))
1601205060957	Marionette	INFO	Listening on port 65032
1601205061324	Marionette	WARN	TLS certificate errors will be ignored for this session
1601205076434	Marionette	INFO	Stopped listening on port 65032

###!!! [Child][RunMessage] Error: Channel closing: too late to send/recv, messages will be lost


###!!! [Child][MessageChannel::SendAndWait] Error: Channel error: cannot send/recv

1601205344318	geckodriver	INFO	Listening on 127.0.0.1:65337
1601205347376	mozrunner::runner	INFO	Running command: "C:\\Program Files\\Mozilla Firefox\\firefox.exe" "--marionette" "-foreground" "-no-remote" "-profile" "C:\\Users\\LELOUC~1\\AppData\\Local\\Temp\\rust_mozprofileRv4aFD"
Can't find symbol 'eglSwapBuffersWithDamageEXT'.
JavaScript error: resource://gre/modules/XULStore.jsm, line 66: Error: Can't find profile directory.
console.error: SearchCache: "_readCacheFile: Error reading cache file:" (new Error("", "(unknown module)"))
1601205350390	Marionette	INFO	Listening on port 65347
1601205350540	Marionette	WARN	TLS certificate errors will be ignored for this session
1601205361129	Marionette	INFO	Stopped listening on port 65347

###!!! [Child][RunMessage] Error: Channel closing: too late to send/recv, messages will be lost


###!!! [Child][MessageChannel::SendAndWait] Error: Channel error: cannot send/recv

1601205492395	geckodriver	INFO	Listening on 127.0.0.1:65534
1601205495431	mozrunner::runner	INFO	Running command: "C:\\Program Files\\Mozilla Firefox\\firefox.exe" "--marionette" "-foreground" "-no-remote" "-profile" "C:\\Users\\LELOUC~1\\AppData\\Local\\Temp\\rust_mozprofilexCZa2c"
Can't find symbol 'eglSwapBuffersWithDamageEXT'.
JavaScript error: resource://gre/modules/XULStore.jsm, line 66: Error: Can't find profile directory.
console.error: SearchCache: "_readCacheFile: Error reading cache file:" (new Error("", "(unknown module)"))
1601205498429	Marionette	INFO	Listening on port 49162
1601205498602	Marionette	WARN	TLS certificate errors will be ignored for this session
1601205508454	Marionette	INFO	Stopped listening on port 49162

###!!! [Child][RunMessage] Error: Channel closing: too late to send/recv, messages will be lost


###!!! [Child][MessageChannel::SendAndWait] Error: Channel error: cannot send/recv

1601205591047	geckodriver	INFO	Listening on 127.0.0.1:49282
1601205594074	mozrunner::runner	INFO	Running command: "C:\\Program Files\\Mozilla Firefox\\firefox.exe" "--marionette" "-foreground" "-no-remote" "-profile" "C:\\Users\\LELOUC~1\\AppData\\Local\\Temp\\rust_mozprofileE1i29w"
Can't find symbol 'eglSwapBuffersWithDamageEXT'.
JavaScript error: resource://gre/modules/XULStore.jsm, line 66: Error: Can't find profile directory.
console.error: SearchCache: "_readCacheFile: Error reading cache file:" (new Error("", "(unknown module)"))
1601205597056	Marionette	INFO	Listening on port 49293
1601205597241	Marionette	WARN	TLS certificate errors will be ignored for this session
1601205610050	Marionette	INFO	Stopped listening on port 49293

###!!! [Child][RunMessage] Error: Channel closing: too late to send/recv, messages will be lost


###!!! [Child][MessageChannel::SendAndWait] Error: Channel error: cannot send/recv

1601205665987	geckodriver	INFO	Listening on 127.0.0.1:49399
1601205669023	mozrunner::runner	INFO	Running command: "C:\\Program Files\\Mozilla Firefox\\firefox.exe" "--marionette" "-foreground" "-no-remote" "-profile" "C:\\Users\\LELOUC~1\\AppData\\Local\\Temp\\rust_mozprofile1AM988"
Can't find symbol 'eglSwapBuffersWithDamageEXT'.
JavaScript error: resource://gre/modules/XULStore.jsm, line 66: Error: Can't find profile directory.
console.error: SearchCache: "_readCacheFile: Error reading cache file:" (new Error("", "(unknown module)"))
1601205672032	Marionette	INFO	Listening on port 49409
1601205672167	Marionette	WARN	TLS certificate errors will be ignored for this session
1601205685499	Marionette	INFO	Stopped listening on port 49409

###!!! [Child][RunMessage] Error: Channel closing: too late to send/recv, messages will be lost


###!!! [Child][MessageChannel::SendAndWait] Error: Channel error: cannot send/recv

1601205703789	geckodriver	INFO	Listening on 127.0.0.1:49498
1601205706851	mozrunner::runner	INFO	Running command: "C:\\Program Files\\Mozilla Firefox\\firefox.exe" "--marionette" "-foreground" "-no-remote" "-profile" "C:\\Users\\LELOUC~1\\AppData\\Local\\Temp\\rust_mozprofileDYbqcW"
Can't find symbol 'eglSwapBuffersWithDamageEXT'.
JavaScript error: resource://gre/modules/XULStore.jsm, line 66: Error: Can't find profile directory.
console.error: SearchCache: "_readCacheFile: Error reading cache file:" (new Error("", "(unknown module)"))
1601205709833	Marionette	INFO	Listening on port 49508
1601205710027	Marionette	WARN	TLS certificate errors will be ignored for this session
1601205724415	Marionette	INFO	Stopped listening on port 49508

###!!! [Child][MessageChannel::SendAndWait] Error: Channel error: cannot send/recv

1601205954957	geckodriver	INFO	Listening on 127.0.0.1:49774
1601205957993	mozrunner::runner	INFO	Running command: "C:\\Program Files\\Mozilla Firefox\\firefox.exe" "--marionette" "-foreground" "-no-remote" "-profile" "C:\\Users\\LELOUC~1\\AppData\\Local\\Temp\\rust_mozprofilej0pR6a"
Can't find symbol 'eglSwapBuffersWithDamageEXT'.
JavaScript error: resource://gre/modules/XULStore.jsm, line 66: Error: Can't find profile directory.
console.error: SearchCache: "_readCacheFile: Error reading cache file:" (new Error("", "(unknown module)"))
1601205961024	Marionette	INFO	Listening on port 49784
1601205961162	Marionette	WARN	TLS certificate errors will be ignored for this session
1601205971084	Marionette	INFO	Stopped listening on port 49784

###!!! [Child][RunMessage] Error: Channel closing: too lat1601205975342	mozrunner::runner	INFO	Running command: "C:\\Program Files\\Mozilla Firefox\\firefox.exe" "--marionette" "-foreground" "-no-remote" "-profile" "C:\\Users\\LELOUC~1\\AppData\\Local\\Temp\\rust_mozprofilehhvYCO"
Can't find symbol 'eglSwapBuffersWithDamageEXT'.
JavaScript error: resource://gre/modules/XULStore.jsm, line 66: Error: Can't find profile directory.
console.error: SearchCache: "_readCacheFile: Error reading cache file:" (new Error("", "(unknown module)"))
1601205978324	Marionette	INFO	Listening on port 49865
1601205978507	Marionette	WARN	TLS certificate errors will be ignored for this session
1601205986334	Marionette	INFO	Stopped listening on port 49865

###!!! [Child][RunMessage] Error: Channel closing: too lat1601205990317	mozrunner::runner	INFO	Running command: "C:\\Program Files\\Mozilla Firefox\\firefox.exe" "--marionette" "-foreground" "-no-remote" "-profile" "C:\\Users\\LELOUC~1\\AppData\\Local\\Temp\\rust_mozprofile0EZGlh"
Can't find symbol 'eglSwapBuffersWithDamageEXT'.
JavaScript error: resource://gre/modules/XULStore.jsm, line 66: Error: Can't find profile directory.
console.error: SearchCache: "_readCacheFile: Error reading cache file:" (new Error("", "(unknown module)"))
1601205993425	Marionette	INFO	Listening on port 49944
1601205993463	Marionette	WARN	TLS certificate errors will be ignored for this session

###!!! [Parent][MessageChannel] Error: (msgtype=0x1D0011,name=PBackgroundStorage::Msg_Observe) Channel error: cannot send/recv

[Parent 1380, Gecko_IOThread] WARNING: file /builds/worker/checkouts/gecko/ipc/chromium/src/base/process_util_win.cc, line 166
1601206000607	Marionette	INFO	Stopped listening on port 49944

###!!! [Child][RunMessage] Error: Channel closing: too lat1601206004345	mozrunner::runner	INFO	Running command: "C:\\Program Files\\Mozilla Firefox\\firefox.exe" "--marionette" "-foreground" "-no-remote" "-profile" "C:\\Users\\LELOUC~1\\AppData\\Local\\Temp\\rust_mozprofile5Z3Fjf"
Can't find symbol 'eglSwapBuffersWithDamageEXT'.
JavaScript error: resource://gre/modules/XULStore.jsm, line 66: Error: Can't find profile directory.
console.error: SearchCache: "_readCacheFile: Error reading cache file:" (new Error("", "(unknown module)"))
1601206007740	Marionette	INFO	Listening on port 50020
1601206008022	Marionette	WARN	TLS certificate errors will be ignored for this session
1601206016000	Marionette	INFO	Stopped listening on port 50020

###!!! [Child][RunMessage] Error: Channel closing: too lat1601206019853	mozrunner::runner	INFO	Running command: "C:\\Program Files\\Mozilla Firefox\\firefox.exe" "--marionette" "-foreground" "-no-remote" "-profile" "C:\\Users\\LELOUC~1\\AppData\\Local\\Temp\\rust_mozprofilevpxp4q"
Can't find symbol 'eglSwapBuffersWithDamageEXT'.
JavaScript error: resource://gre/modules/XULStore.jsm, line 66: Error: Can't find profile directory.
console.error: SearchCache: "_readCacheFile: Error reading cache file:" (new Error("", "(unknown module)"))
1601206023261	Marionette	INFO	Listening on port 50104
1601206023500	Marionette	WARN	TLS certificate errors will be ignored for this session
1601206030988	Marionette	INFO	Stopped listening on port 50104

###!!! [Child][RunMessage] Error: Channel closing: too late to send/recv, messages will be lost


###!!! [Child][MessageChannel::SendAndWait] Error: Channel error: cannot send/recv

1601206249449	geckodriver	INFO	Listening on 127.0.0.1:50318
1601206252503	mozrunner::runner	INFO	Running command: "C:\\Program Files\\Mozilla Firefox\\firefox.exe" "--marionette" "-foreground" "-no-remote" "-profile" "C:\\Users\\LELOUC~1\\AppData\\Local\\Temp\\rust_mozprofileF0IPBo"
Can't find symbol 'eglSwapBuffersWithDamageEXT'.
JavaScript error: resource://gre/modules/XULStore.jsm, line 66: Error: Can't find profile directory.
console.error: SearchCache: "_readCacheFile: Error reading cache file:" (new Error("", "(unknown module)"))
1601206255711	Marionette	INFO	Listening on port 50329
1601206256181	Marionette	WARN	TLS certificate errors will be ignored for this session

###!!! [Child][RunMessage] Error: Channel closing: too late to send/recv, messages will be lost

1601206272577	Marionette	INFO	Stopped listening on port 50329

###!!! [Child][MessageChannel::SendAndWait] Error: Channel error: cannot send/recv

1601206274585	geckodriver	INFO	Listening on 127.0.0.1:50403
1601206277633	mozrunner::runner	INFO	Running command: "C:\\Program Files\\Mozilla Firefox\\firefox.exe" "--marionette" "-foreground" "-no-remote" "-profile" "C:\\Users\\LELOUC~1\\AppData\\Local\\Temp\\rust_mozprofilef2ILKn"
Can't find symbol 'eglSwapBuffersWithDamageEXT'.
JavaScript error: resource://gre/modules/XULStore.jsm, line 66: Error: Can't find profile directory.
console.error: SearchCache: "_readCacheFile: Error reading cache file:" (new Error("", "(unknown module)"))
1601206280666	Marionette	INFO	Listening on port 50414
1601206280794	Marionette	WARN	TLS certificate errors will be ignored for this session
1601206292285	Marionette	INFO	Stopped listening on port 50414

###!!! [Child][RunMessage] Error: Channel closing: too late to send/recv, messages will be lost


###!!! [Child][MessageChannel::SendAndWait] Error: Channel error: cannot send/recv

1601206361265	geckodriver	INFO	Listening on 127.0.0.1:50526
1601206364312	mozrunner::runner	INFO	Running command: "C:\\Program Files\\Mozilla Firefox\\firefox.exe" "--marionette" "-foreground" "-no-remote" "-profile" "C:\\Users\\LELOUC~1\\AppData\\Local\\Temp\\rust_mozprofileTZ5sfT"
Can't find symbol 'eglSwapBuffersWithDamageEXT'.
JavaScript error: resource://gre/modules/XULStore.jsm, line 66: Error: Can't find profile directory.
console.error: SearchCache: "_readCacheFile: Error reading cache file:" (new Error("", "(unknown module)"))
1601206367283	Marionette	INFO	Listening on port 50536
1601206367466	Marionette	WARN	TLS certificate errors will be ignored for this session
1601206377513	Marionette	INFO	Stopped listening on port 50536

###!!! [Child][RunMessage] Error: Channel closing: too lat1601206381181	mozrunner::runner	INFO	Running command: "C:\\Program Files\\Mozilla Firefox\\firefox.exe" "--marionette" "-foreground" "-no-remote" "-profile" "C:\\Users\\LELOUC~1\\AppData\\Local\\Temp\\rust_mozprofileONw7GN"
Can't find symbol 'eglSwapBuffersWithDamageEXT'.
JavaScript error: resource://gre/modules/XULStore.jsm, line 66: Error: Can't find profile directory.
console.error: SearchCache: "_readCacheFile: Error reading cache file:" (new Error("", "(unknown module)"))
1601206384109	Marionette	INFO	Listening on port 50612
1601206384339	Marionette	WARN	TLS certificate errors will be ignored for this session
1601206394921	Marionette	INFO	Stopped listening on port 50612

###!!! [Child][RunMessage] Error: Channel closing: too late to send/recv, messages will be lost


###!!! [Child][MessageChannel::SendAndWait] Error: Channel error: cannot send/recv

1601206461523	geckodriver	INFO	Listening on 127.0.0.1:50729
1601206464564	mozrunner::runner	INFO	Running command: "C:\\Program Files\\Mozilla Firefox\\firefox.exe" "--marionette" "-foreground" "-no-remote" "-profile" "C:\\Users\\LELOUC~1\\AppData\\Local\\Temp\\rust_mozprofileZtEvmd"
Can't find symbol 'eglSwapBuffersWithDamageEXT'.
JavaScript error: resource://gre/modules/XULStore.jsm, line 66: Error: Can't find profile directory.
console.error: SearchCache: "_readCacheFile: Error reading cache file:" (new Error("", "(unknown module)"))
1601206467623	Marionette	INFO	Listening on port 50740
1601206467731	Marionette	WARN	TLS certificate errors will be ignored for this session
1601206479977	Marionette	INFO	Stopped listening on port 50740

###!!! [Child][RunMessage] Error: Channel closing: too late to send/recv, messages will be lost


###!!! [Child][MessageChannel::SendAndWait] Error: Channel error: cannot send/recv

1601206482616	geckodriver	INFO	Listening on 127.0.0.1:50802
1601206485674	mozrunner::runner	INFO	Running command: "C:\\Program Files\\Mozilla Firefox\\firefox.exe" "--marionette" "-foreground" "-no-remote" "-profile" "C:\\Users\\LELOUC~1\\AppData\\Local\\Temp\\rust_mozprofileNzqoMm"
Can't find symbol 'eglSwapBuffersWithDamageEXT'.
JavaScript error: resource://gre/modules/XULStore.jsm, line 66: Error: Can't find profile directory.
console.error: SearchCache: "_readCacheFile: Error reading cache file:" (new Error("", "(unknown module)"))
1601206488665	Marionette	INFO	Listening on port 50811
1601206488841	Marionette	WARN	TLS certificate errors will be ignored for this session
1601206712661	Marionette	INFO	Stopped listening on port 50811

###!!! [Child][MessageChannel::SendAndWait] Error: Channel error: cannot send/recv

firefox.exe" "--marionette" "-foreground" "-no-remote" "-profile" "C:\\Users\\LELOUC~1\\AppData\\Local\\Temp\\rust_mozprofileZWtndB"
Can't find symbol 'eglSwapBuffersWithDamageEXT'.
JavaScript error: resource://gre/modules/XULStore.jsm, line 66: Error: Can't find profile directory.
console.error: SearchCache: "_readCacheFile: Error reading cache file:" (new Error("", "(unknown module)"))
1601206710494	Marionette	INFO	Listening on port 51032
1601206710667	Marionette	WARN	TLS certificate errors will be ignored for this session
1601206978151	Marionette	INFO	Stopped listening on port 51032

###!!! [Child][RunMessage] Error: Channel closing: too late to send/recv, messages will be lost


###!!! [Child][MessageChannel::SendAndWait] Error: Channel error: cannot send/recv

l\\Temp\\rust_mozprofileLMzDW3"
Can't find symbol 'eglSwapBuffersWithDamageEXT'.
JavaScript error: resource://gre/modules/XULStore.jsm, line 66: Error: Can't find profile directory.
console.error: SearchCache: "_readCacheFile: Error reading cache file:" (new Error("", "(unknown module)"))
1601206879637	Marionette	INFO	Listening on port 51225
1601206879817	Marionette	WARN	TLS certificate errors will be ignored for this session
JavaScript error: https://www.gstatic.com/_/freebird/_/js/k=freebird.v.th.IfTZEhgLWfs.O/d=1/ct=zgms/rs=AMjVe6h1ukPHcTsMqxCzS5KT31FNBPQWYw/m=viewer_base line 55 > eval, line 6: ReferenceError: chrome is not defined
JavaScript error: https://www.gstatic.com/_/freebird/_/js/k=freebird.v.th.IfTZEhgLWfs.O/d=1/ct=zgms/rs=AMjVe6h1ukPHcTsMqxCzS5KT31FNBPQWYw/m=viewer_base line 55 > eval, line 6: ReferenceError: chrome is not defined
console.error: "Error writing request: getGrids"
1601209458389	Marionette	INFO	Stopped listening on port 51225

###!!! [Child][MessageChannel::SendAndWait] Error: Channel error: cannot send/recv

firefox.exe" "--marionette" "-foreground" "-no-remote" "-profile" "C:\\Users\\LELOUC~1\\AppData\\Local\\Temp\\rust_mozprofilezGDAXr"
Can't find symbol 'eglSwapBuffersWithDamageEXT'.
JavaScript error: resource://gre/modules/XULStore.jsm, line 66: Error: Can't find profile directory.
console.error: SearchCache: "_readCacheFile: Error reading cache file:" (new Error("", "(unknown module)"))
1601209408101	Marionette	INFO	Listening on port 61428
1601209408442	Marionette	WARN	TLS certificate errors will be ignored for this session
JavaScript error: https://www.gstatic.com/_/freebird/_/js/k=freebird.v.th.IfTZEhgLWfs.O/d=1/ct=zgms/rs=AMjVe6h1ukPHcTsMqxCzS5KT31FNBPQWYw/m=viewer_base line 55 > eval, line 6: ReferenceError: chrome is not defined
1601209424064	Marionette	INFO	Stopped listening on port 61428

###!!! [Child][MessageChannel::SendAndWait] Error: Channel error: cannot send/recv

1601209451755	geckodriver	INFO	Listening on 127.0.0.1:61511
1601209454797	mozrunner::runner	INFO	Running command: "C:\\Program Files\\Mozilla Firefox\\firefox.exe" "--marionette" "-foreground" "-no-remote" "-profile" "C:\\Users\\LELOUC~1\\AppData\\Local\\Temp\\rust_mozprofile7Ww3Wk"
Can't find symbol 'eglSwapBuffersWithDamageEXT'.
JavaScript error: resource://gre/modules/XULStore.jsm, line 66: Error: Can't find profile directory.
console.error: SearchCache: "_readCacheFile: Error reading cache file:" (new Error("", "(unknown module)"))
1601209458557	Marionette	INFO	Listening on port 61521
1601209459157	Marionette	WARN	TLS certificate errors will be ignored for this session
1601209537331	Marionette	INFO	Stopped listening on port 61521

###!!! [Child][MessageChannel::SendAndWait] Error: Channel error: cannot send/recv

firefox.exe" "--marionette" "-foreground" "-no-remote" "-profile" "C:\\Users\\LELOUC~1\\AppData\\Local\\Temp\\rust_mozprofiletz9FWu"
Can't find symbol 'eglSwapBuffersWithDamageEXT'.
JavaScript error: resource://gre/modules/XULStore.jsm, line 66: Error: Can't find profile directory.
console.error: SearchCache: "_readCacheFile: Error reading cache file:" (new Error("", "(unknown module)"))
1601209537396	Marionette	INFO	Listening on port 61668
1601209537809	Marionette	WARN	TLS certificate errors will be ignored for this session
1601210190802	Marionette	INFO	Stopped listening on port 61661601210191921	mozrunner::runner	INFO	Running command: "C:\\Program Files\\Mozilla Firefox\\firefox.exe" "--marionette" "-foreground" "-no-remote" "-profile" "C:\\Users\\LELOUC~1\\AppData\\Local\\Temp\\rust_mozprofilewvWPaJ"
Can't find symbol 'eglSwapBuffersWithDamageEXT'.
JavaScript error: resource://gre/modules/XULStore.jsm, line 66: Error: Can't find profile directory.
console.error: SearchCache: "_readCacheFile: Error reading cache file:" (new Error("", "(unknown module)"))
1601210195886	Marionette	INFO	Listening on port 62286
1601210196113	Marionette	WARN	TLS certificate errors will be ignored for this session
Can't find symbol 'eglSwapBuffersWithDamageEXT'.
[Child 11052, MediaDecoderStateMachine #1] WARNING: Decoder=1cbc446ac00 Decode error: NS_ERROR_DOM_MEDIA_FATAL_ERR (0x806e0005) - RefPtr<MediaSourceTrackDemuxer::SamplesPromise> __cdecl mozilla::MediaSourceTrackDemuxer::DoGetSamples(int32_t): manager is detached.: file /builds/worker/checkouts/gecko/dom/media/MediaDecoderStateMachine.cpp, line 3470
JavaScript error: , line 0: NotAllowedError: The play method is not allowed by the user agent or the platform in the current context, possibly because the user denied permission.
JavaScript error: https://www.google.com/xjs/_/js/k=xjs.s.th.pIaN7m1Ntsg.O/ck=xjs.s.faGAJGiLquE.L.F4.O/m=IvlUe,MC8mtf,TJw5qb,Y33vzc,ZyRBae,cdos,cr,hsm,iDPoPb,jsa,mvYTse,tg8oTe,d,csi/am=AAAAAABAAAAAwBIwdwOA4z8IALjgEgcAAAAAEqAlQWOBFEJCQgACAAAAZ6EEDwAC/d=1/dg=2/ct=zgms/rs=ACT90oFkmkaxjQnAvatsf7tAByNF6tm5SQ, line 2906: Error: Missing element with jsname <Gj7ine>. Controller <C9BKlb[22]>.
JavaScript error: https://www.google.com/xjs/_/js/k=xjs.s.th.pIaN7m1Ntsg.O/ck=xjs.s.faGAJGiLquE.L.F4.O/m=IvlUe,MC8mtf,TJw5qb,Y33vzc,ZyRBae,cdos,cr,hsm,iDPoPb,jsa,mvYTse,tg8oTe,d,csi/am=AAAAAABAAAAAwBIwdwOA4z8IALjgEgcAAAAAEqAlQWOBFEJCQgACAAAAZ6EEDwAC/d=1/dg=2/ct=zgms/rs=ACT90oFkmkaxjQnAvatsf7tAByNF6tm5SQ, line 2906: Error: Missing element with jsname <Gj7ine>. Controller <C9BKlb[22]>.
1601214360917	Marionette	INFO	Stopped listening on port 62286

###!!! [Child][RunMessage] Error: Channel closing: too late to send/recv, messages will be lost


###!!! [Child][MessageChannel::SendAndWait] Error: Channel error: cannot send/recv

l\\Temp\\rust_mozprofileVln9ui"
Can't find symbol 'eglSwapBuffersWithDamageEXT'.
JavaScript error: resource://gre/modules/XULStore.jsm, line 66: Error: Can't find profile directory.
console.error: SearchCache: "_readCacheFile: Error reading cache file:" (new Error("", "(unknown module)"))
1601214333672	Marionette	INFO	Listening on port 62168
1601214333703	Marionette	WARN	TLS certificate errors will be ignored for this session
1601214728064	Marionette	INFO	Stopped listening on port 62168

###!!! [Child][RunMessage] Error: Channel closing: too late to send/recv, messages will be lost


###!!! [Child][MessageChannel::SendAndWait] Error: Channel error: cannot send/recv

l\\Temp\\rust_mozprofileLEPaV7"
Can't find symbol 'eglSwapBuffersWithDamageEXT'.
JavaScript error: resource://gre/modules/XULStore.jsm, line 66: Error: Can't find profile directory.
console.error: SearchCache: "_readCacheFile: Error reading cache file:" (new Error("", "(unknown module)"))
1601214629825	Marionette	INFO	Listening on port 62449
1601214630149	Marionette	WARN	TLS certificate errors will be ignored for this session
JavaScript error: resource://gre/modules/URIFixup.jsm, line 271: NS_ERROR_FAILURE: Should pass a non-null uri
1601214656378	Marionette	INFO	Stopped listening on port 62449

###!!! [Child][RunMessage] Error: Channel closing: too late to send/recv, messages will be lost


###!!! [Child][MessageChannel::SendAndWait] Error: Channel error: cannot send/recv

1601214685166	geckodriver	INFO	Listening on 127.0.0.1:62541
1601214688218	mozrunner::runner	INFO	Running command: "C:\\Program Files\\Mozilla Firefox\\firefox.exe" "--marionette" "-foreground" "-no-remote" "-profile" "C:\\Users\\LELOUC~1\\AppData\\Local\\Temp\\rust_mozprofileoVpCFb"
Can't find symbol 'eglSwapBuffersWithDamageEXT'.
JavaScript error: resource://gre/modules/XULStore.jsm, line 66: Error: Can't find profile directory.
console.error: SearchCache: "_readCacheFile: Error reading cache file:" (new Error("", "(unknown module)"))
1601214691020	Marionette	INFO	Listening on port 62551
1601214691369	Marionette	WARN	TLS certificate errors will be ignored for this session
1601214730806	Marionette	INFO	Stopped listening on port 62551

###!!! [Child][RunMessage] Error: Channel closing: too late to send/recv, messages will be lost


###!!! [Child][MessageChannel::SendAndWait] Error: Channel error: cannot send/recv

l\\Temp\\rust_mozprofilerQEShQ"
Can't find symbol 'eglSwapBuffersWithDamageEXT'.
JavaScript error: resource://gre/modules/XULStore.jsm, line 66: Error: Can't find profile directory.
console.error: SearchCache: "_readCacheFile: Error reading cache file:" (new Error("", "(unknown module)"))
1601214729259	Marionette	INFO	Listening on port 62644
1601214729486	Marionette	WARN	TLS certificate errors will be ignored for this session
1601214755545	Marionette	INFO	Stopped listening on port 62644

###!!! [Child][RunMessage] Error: Channel closing: too late to send/recv, messages will be lost


###!!! [Child][MessageChannel::SendAndWait] Error: Channel error: cannot send/recv

1601215245386	geckodriver	INFO	Listening on 127.0.0.1:63062
1601215248405	mozrunner::runner	INFO	Running command: "C:\\Program Files\\Mozilla Firefox\\firefox.exe" "--marionette" "-foreground" "-no-remote" "-profile" "C:\\Users\\LELOUC~1\\AppData\\Local\\Temp\\rust_mozprofilelywu96"
Can't find symbol 'eglSwapBuffersWithDamageEXT'.
JavaScript error: resource://gre/modules/XULStore.jsm, line 66: Error: Can't find profile directory.
console.error: SearchCache: "_readCacheFile: Error reading cache file:" (new Error("", "(unknown module)"))
1601215251457	Marionette	INFO	Listening on port 63072
1601215251572	Marionette	WARN	TLS certificate errors will be ignored for this session
JavaScript error: resource://gre/modules/URIFixup.jsm, line 271: NS_ERROR_FAILURE: Should pass a non-null uri
1601215332705	Marionette	INFO	Stopped listening on port 63072

###!!! [Child][MessageChannel::SendAndWait] Error: Channel error: cannot send/recv

firefox.exe" "--marionette" "-foreground" "-no-remote" "-profile" "C:\\Users\\LELOUC~1\\AppData\\Local\\Temp\\rust_mozprofileqt90PD"
Can't find symbol 'eglSwapBuffersWithDamageEXT'.
JavaScript error: resource://gre/modules/XULStore.jsm, line 66: Error: Can't find profile directory.
console.error: SearchCache: "_readCacheFile: Error reading cache file:" (new Error("", "(unknown module)"))
1601215335630	Marionette	INFO	Listening on port 63199
1601215335995	Marionette	WARN	TLS certificate errors will be ignored for this session
1601215376319	Marionette	INFO	Stopped listening on port 63199

###!!! [Child][RunMessage] Error: Channel closing: too late to send/recv, messages will be lost


###!!! [Child][MessageChannel::SendAndWait] Error: Channel error: cannot send/recv

1601215430203	geckodriver	INFO	Listening on 127.0.0.1:63334
1601215433249	mozrunner::runner	INFO	Running command: "C:\\Program Files\\Mozilla Firefox\\firefox.exe" "--marionette" "-foreground" "-no-remote" "-profile" "C:\\Users\\LELOUC~1\\AppData\\Local\\Temp\\rust_mozprofileXHCbpZ"
Can't find symbol 'eglSwapBuffersWithDamageEXT'.
JavaScript error: resource://gre/modules/XULStore.jsm, line 66: Error: Can't find profile directory.
console.error: SearchCache: "_readCacheFile: Error reading cache file:" (new Error("", "(unknown module)"))
1601215436721	Marionette	INFO	Listening on port 63347
1601215436913	Marionette	WARN	TLS certificate errors will be ignored for this session
console.warn: "Got a mutation for an unexpected actor: server0.conn0.child2/domnode165, please file a bug on bugzilla.mozilla.org!"
console.trace: 
resource://devtools/client/fronts/walker.js 276 getMutations
console.warn: "Got a mutation for an unexpected actor: server0.conn0.child2/domnode201, please file a bug on bugzilla.mozilla.org!"
console.trace: 
resource://devtools/client/fronts/walker.js 276 getMutations
1601215613522	Marionette	INFO	Stopped listening on port 63347

###!!! [Child][RunMessage] Error: Channel closing: too late to send/recv, messages will be lost


###!!! [Child][MessageChannel::SendAndWait] Error: Channel error: cannot send/recv

l\\Temp\\rust_mozprofilex9Sxxb"
Can't find symbol 'eglSwapBuffersWithDamageEXT'.
JavaScript error: resource://gre/modules/XULStore.jsm, line 66: Error: Can't find profile directory.
console.error: SearchCache: "_readCacheFile: Error reading cache file:" (new Error("", "(unknown module)"))
1601215613596	Marionette	INFO	Listening on port 63531
1601215614033	Marionette	WARN	TLS certificate errors will be ignored for this session
JavaScript error: resource://gre/modules/URIFixup.jsm, line 271: NS_ERROR_FAILURE: Should pass a non-null uri
1601215735681	Marionette	INFO	Stopped listening on port 63531601215736269	mozrunner::runner	INFO	Running command: "C:\\Program Files\\Mozilla Firefox\\firefox.exe" "--marionette" "-foreground" "-no-remote" "-profile" "C:\\Users\\LELOUC~1\\AppData\\Local\\Temp\\rust_mozprofileAWeuYl"
Can't find symbol 'eglSwapBuffersWithDamageEXT'.
JavaScript error: resource://gre/modules/XULStore.jsm, line 66: Error: Can't find profile directory.
1601215775572	geckodriver	INFO	Listening on 127.0.0.1:63739
1601215778620	mozrunner::runner	INFO	Running command: "C:\\Program Files\\Mozilla Firefox\\firefox.exe" "--marionette" "-foreground" "-no-remote" "-profile" "C:\\Users\\LELOUC~1\\AppData\\Local\\Temp\\rust_mozprofile1aFXa6"
Can't find symbol 'eglSwapBuffersWithDamageEXT'.
JavaScript error: resource://gre/modules/XULStore.jsm, line 66: Error: Can't find profile directory.
console.error: SearchCache: "_readCacheFile: Error reading cache file:" (new Error("", "(unknown module)"))
1601215781440	Marionette	INFO	Listening on port 63749
1601215781804	Marionette	WARN	TLS certificate errors will be ignored for this session
JavaScript error: https://www.gstatic.com/_/freebird/_/js/k=freebird.v.th.IfTZEhgLWfs.O/d=1/ct=zgms/rs=AMjVe6h1ukPHcTsMqxCzS5KT31FNBPQWYw/m=viewer_base line 55 > eval, line 6: ReferenceError: chrome is not defined
console.warn: "Got a mutation for an unexpected actor: server0.conn0.child2/domnode30, please file a bug on bugzilla.mozilla.org!"
console.trace: 
resource://devtools/client/fronts/walker.js 276 getMutations
console.warn: "Got a mutation for an unexpected actor: server0.conn0.child2/domnode364, please file a bug on bugzilla.mozilla.org!"
console.trace: 
resource://devtools/client/fronts/walker.js 276 getMutations
1601216551211	Marionette	INFO	Stopped listening on port 63749

###!!! [Child][RunMessage] Error: Channel closing: too late to send/recv, messages will be lost


###!!! [Child][MessageChannel::SendAndWait] Error: Channel error: cannot send/recv

1601216600422	geckodriver	INFO	Listening on 127.0.0.1:64373
1601216603455	mozrunner::runner	INFO	Running command: "C:\\Program Files\\Mozilla Firefox\\firefox.exe" "--marionette" "-foreground" "-no-remote" "-profile" "C:\\Users\\LELOUC~1\\AppData\\Local\\Temp\\rust_mozprofilev69sQr"
Can't find symbol 'eglSwapBuffersWithDamageEXT'.
JavaScript error: resource://gre/modules/XULStore.jsm, line 66: Error: Can't find profile directory.
console.error: SearchCache: "_readCacheFile: Error reading cache file:" (new Error("", "(unknown module)"))
1601216606458	Marionette	INFO	Listening on port 64382
1601216606613	Marionette	WARN	TLS certificate errors will be ignored for this session
JavaScript error: https://www.gstatic.com/_/freebird/_/js/k=freebird.v.th.IfTZEhgLWfs.O/d=1/ct=zgms/rs=AMjVe6h1ukPHcTsMqxCzS5KT31FNBPQWYw/m=viewer_base line 55 > eval, line 6: ReferenceError: chrome is not defined
1601216749332	Marionette	INFO	Stopped listening on port 64382

###!!! [Child][RunMessage] Error: Channel closing: too late to send/recv, messages will be lost


###!!! [Child][MessageChannel::SendAndWait] Error: Channel error: cannot send/recv

l\\Temp\\rust_mozprofileEwvsKD"
Can't find symbol 'eglSwapBuffersWithDamageEXT'.
JavaScript error: resource://gre/modules/XULStore.jsm, line 66: Error: Can't find profile directory.
console.error: SearchCache: "_readCacheFile: Error reading cache file:" (new Error("", "(unknown module)"))
1601216749799	Marionette	INFO	Listening on port 64570
1601216750047	Marionette	WARN	TLS certificate errors will be ignored for this session
JavaScript error: resource://gre/modules/URIFixup.jsm, line 271: NS_ERROR_FAILURE: Should pass a non-null uri
JavaScript error: https://www.gstatic.com/_/freebird/_/js/k=freebird.v.th.IfTZEhgLWfs.O/d=1/ct=zgms/rs=AMjVe6h1ukPHcTsMqxCzS5KT31FNBPQWYw/m=viewer_base line 55 > eval, line 6: ReferenceError: chrome is not defined
1601216920216	Marionette	INFO	Stopped listening on port 64570

###!!! [Child][RunMessage] Error: Channel closing: too late to send/recv, messages will be lost


###!!! [Child][MessageChannel::SendAndWait] Error: Channel error: cannot send/recv

l\\Temp\\rust_mozprofilevDGhWO"
Can't find symbol 'eglSwapBuffersWithDamageEXT'.
JavaScript error: resource://gre/modules/XULStore.jsm, line 66: Error: Can't find profile directory.
console.error: SearchCache: "_readCacheFile: Error reading cache file:" (new Error("", "(unknown module)"))
1601216840731	Marionette	INFO	Listening on port 64699
1601216841088	Marionette	WARN	TLS certificate errors will be ignored for this session
JavaScript error: https://www.gstatic.com/_/freebird/_/js/k=freebird.v.th.IfTZEhgLWfs.O/d=1/ct=zgms/rs=AMjVe6h1ukPHcTsMqxCzS5KT31FNBPQWYw/m=viewer_base line 55 > eval, line 6: ReferenceError: chrome is not defined
1601216921063	Marionette	INFO	Stopped listening on port 64699

###!!! [Child][RunMessage] Error: Channel closing: too late to send/recv, messages will be lost


###!!! [Child][MessageChannel::SendAndWait] Error: Channel error: cannot send/recv

l\\Temp\\rust_mozprofileG5oXb4"
Can't find symbol 'eglSwapBuffersWithDamageEXT'.
JavaScript error: resource://gre/modules/XULStore.jsm, line 66: Error: Can't find profile directory.
console.error: SearchCache: "_readCacheFile: Error reading cache file:" (new Error("", "(unknown module)"))
1601216899252	Marionette	INFO	Listening on port 64805
1601216899500	Marionette	WARN	TLS certificate errors will be ignored for this session
JavaScript error: resource://gre/modules/URIFixup.jsm, line 271: NS_ERROR_FAILURE: Should pass a non-null uri
JavaScript error: https://www.gstatic.com/_/freebird/_/js/k=freebird.v.th.IfTZEhgLWfs.O/d=1/ct=zgms/rs=AMjVe6h1ukPHcTsMqxCzS5KT31FNBPQWYw/m=viewer_base line 55 > eval, line 6: ReferenceError: chrome is not defined
1601216921759	Marionette	INFO	Stopped listening on port 64805

###!!! [Child][MessageChannel::SendAndWait] Error: Channel error: cannot send/recv

1601217040728	geckodriver	INFO	Listening on 127.0.0.1:64966
1601217043758	mozrunner::runner	INFO	Running command: "C:\\Program Files\\Mozilla Firefox\\firefox.exe" "--marionette" "-foreground" "-no-remote" "-profile" "C:\\Users\\LELOUC~1\\AppData\\Local\\Temp\\rust_mozprofilesdQMZE"
Can't find symbol 'eglSwapBuffersWithDamageEXT'.
JavaScript error: resource://gre/modules/XULStore.jsm, line 66: Error: Can't find profile directory.
console.error: SearchCache: "_readCacheFile: Error reading cache file:" (new Error("", "(unknown module)"))
1601217047223	Marionette	INFO	Listening on port 64975
1601217047426	Marionette	WARN	TLS certificate errors will be ignored for this session
JavaScript error: https://www.gstatic.com/_/freebird/_/js/k=freebird.v.th.IfTZEhgLWfs.O/d=1/ct=zgms/rs=AMjVe6h1ukPHcTsMqxCzS5KT31FNBPQWYw/m=viewer_base line 55 > eval, line 6: ReferenceError: chrome is not defined
JavaScript error: https://www.gstatic.com/_/freebird/_/js/k=freebird.v.th.IfTZEhgLWfs.O/d=1/ct=zgms/rs=AMjVe6h1ukPHcTsMqxCzS5KT31FNBPQWYw/m=viewer_base line 55 > eval, line 6: ReferenceError: chrome is not defined
console.warn: "Got a mutation for an unexpected actor: server0.conn0.child2/domnode248, please file a bug on bugzilla.mozilla.org!"
console.trace: 
resource://devtools/client/fronts/walker.js 276 getMutations
console.warn: "Got a mutation for an unexpected actor: server0.conn0.child2/domnode283, please file a bug on bugzilla.mozilla.org!"
console.trace: 
resource://devtools/client/fronts/walker.js 276 getMutations
console.warn: "Got a mutation for an unexpected actor: server0.conn0.child2/domnode347, please file a bug on bugzilla.mozilla.org!"
console.trace: 
resource://devtools/client/fronts/walker.js 276 getMutations
console.warn: "Got a mutation for an unexpected actor: server0.conn0.child2/domnode347, please file a bug on bugzilla.mozilla.org!"
console.trace: 
resource://devtools/client/fronts/walker.js 276 getMutations
console.warn: "Got a mutation for an unexpected actor: server0.conn0.child2/domnode334, please file a bug on bugzilla.mozilla.org!"
console.trace: 
resource://devtools/client/fronts/walker.js 276 getMutations
console.error: "Error writing request: getGrids"
console.warn: "Got a mutation for an unexpected actor: server0.conn0.child2/domnode490, please file a bug on bugzilla.mozilla.org!"
console.trace: 
resource://devtools/client/fronts/walker.js 276 getMutations
1601217953489	Marionette	INFO	Stopped listening on port 64975

###!!! [Child][RunMessage] Error: Channel closing: too late to send/recv, messages will be lost


###!!! [Child][MessageChannel::SendAndWait] Error: Channel error: cannot send/recv

1601217955065	geckodriver	INFO	Listening on 127.0.0.1:49377
1601217958096	mozrunner::runner	INFO	Running command: "C:\\Program Files\\Mozilla Firefox\\firefox.exe" "--marionette" "-foreground" "-no-remote" "-profile" "C:\\Users\\LELOUC~1\\AppData\\Local\\Temp\\rust_mozprofile3diEWU"
Can't find symbol 'eglSwapBuffersWithDamageEXT'.
JavaScript error: resource://gre/modules/XULStore.jsm, line 66: Error: Can't find profile directory.
console.error: SearchCache: "_readCacheFile: Error reading cache file:" (new Error("", "(unknown module)"))
1601217961191	Marionette	INFO	Listening on port 49388
1601217961246	Marionette	WARN	TLS certificate errors will be ignored for this session
JavaScript error: resource://gre/modules/URIFixup.jsm, line 271: NS_ERROR_FAILURE: Should pass a non-null uri
1601217987552	Marionette	INFO	Stopped listening on port 49381601217988091	mozrunner::runner	INFO	Running command: "C:\\Program Files\\Mozilla Firefox\\firefox.exe" "--marionette" "-foreground" "-no-remote" "-profile" "C:\\Users\\LELOUC~1\\AppData\\Local\\Temp\\rust_mozprofileK6w0eO"
Can't find symbol 'eglSwapBuffersWithDamageEXT'.
JavaScript error: resource://gre/modules/XULStore.jsm, line 66: Error: Can't find profile directory.
console.error: SearchCache: "_readCacheFile: Error reading cache file:" (new Error("", "(unknown module)"))
1601217991184	Marionette	INFO	Listening on port 49482
1601217991247	Marionette	WARN	TLS certificate errors will be ignored for this session
[Parent 18912, Gecko_IOThread] WARNING: file /builds/worker/checkouts/gecko/ipc/chromium/src/base/process_util_win.cc, line 166
1601218018036	Marionette	INFO	Stopped listening on port 49482

###!!! [Child][RunMessage] Error: Channel closing: too late to send/recv, messages will be lost


###!!! [Child][MessageChannel::SendAndWait] Error: Channel error: cannot send/recv

1601218122396	geckodriver	INFO	Listening on 127.0.0.1:49634
1601218125456	mozrunner::runner	INFO	Running command: "C:\\Program Files\\Mozilla Firefox\\firefox.exe" "--marionette" "-foreground" "-no-remote" "-profile" "C:\\Users\\LELOUC~1\\AppData\\Local\\Temp\\rust_mozprofileqJri6I"
Can't find symbol 'eglSwapBuffersWithDamageEXT'.
JavaScript error: resource://gre/modules/XULStore.jsm, line 66: Error: Can't find profile directory.
console.error: SearchCache: "_readCacheFile: Error reading cache file:" (new Error("", "(unknown module)"))
1601218128446	Marionette	INFO	Listening on port 49644
1601218128605	Marionette	WARN	TLS certificate errors will be ignored for this session
1601218146349	Marionette	INFO	Stopped listening on port 49644

###!!! [Child][RunMessage] Error: Channel closing: too late to send/recv, messages will be lost


###!!! [Child][MessageChannel::SendAndWait] Error: Channel error: cannot send/recv

1601218274770	geckodriver	INFO	Listening on 127.0.0.1:49836
1601218277815	mozrunner::runner	INFO	Running command: "C:\\Program Files\\Mozilla Firefox\\firefox.exe" "--marionette" "-foreground" "-no-remote" "-profile" "C:\\Users\\LELOUC~1\\AppData\\Local\\Temp\\rust_mozprofileW4h7Ij"
Can't find symbol 'eglSwapBuffersWithDamageEXT'.
JavaScript error: resource://gre/modules/XULStore.jsm, line 66: Error: Can't find profile directory.
console.error: SearchCache: "_readCacheFile: Error reading cache file:" (new Error("", "(unknown module)"))
1601218280984	Marionette	INFO	Listening on port 49848
1601218281483	Marionette	WARN	TLS certificate errors will be ignored for this session
1601218296624	Marionette	INFO	Stopped listening on port 49848

###!!! [Child][RunMessage] Error: Channel closing: too late to send/recv, messages will be lost


###!!! [Child][MessageChannel::SendAndWait] Error: Channel error: cannot send/recv

1601218384916	geckodriver	INFO	Listening on 127.0.0.1:49986
1601218387986	mozrunner::runner	INFO	Running command: "C:\\Program Files\\Mozilla Firefox\\firefox.exe" "--marionette" "-foreground" "-no-remote" "-profile" "C:\\Users\\LELOUC~1\\AppData\\Local\\Temp\\rust_mozprofileDHtGtb"
Can't find symbol 'eglSwapBuffersWithDamageEXT'.
JavaScript error: resource://gre/modules/XULStore.jsm, line 66: Error: Can't find profile directory.
console.error: SearchCache: "_readCacheFile: Error reading cache file:" (new Error("", "(unknown module)"))
1601218391035	Marionette	INFO	Listening on port 49996
1601218391131	Marionette	WARN	TLS certificate errors will be ignored for this session
JavaScript error: resource://gre/modules/URIFixup.jsm, line 271: NS_ERROR_FAILURE: Should pass a non-null uri
1601218413899	Marionette	INFO	Stopped listening on port 49996

###!!! [Child][RunMessage] Error: Channel closing: too late to send/recv, messages will be lost


###!!! [Child][MessageChannel::SendAndWait] Error: Channel error: cannot send/recv

1601218436962	geckodriver	INFO	Listening on 127.0.0.1:50089
1601218440053	mozrunner::runner	INFO	Running command: "C:\\Program Files\\Mozilla Firefox\\firefox.exe" "--marionette" "-foreground" "-no-remote" "-profile" "C:\\Users\\LELOUC~1\\AppData\\Local\\Temp\\rust_mozprofilerH6Ne6"
Can't find symbol 'eglSwapBuffersWithDamageEXT'.
JavaScript error: resource://gre/modules/XULStore.jsm, line 66: Error: Can't find profile directory.
console.error: SearchCache: "_readCacheFile: Error reading cache file:" (new Error("", "(unknown module)"))
1601218443390	Marionette	INFO	Listening on port 50099
1601218443735	Marionette	WARN	TLS certificate errors will be ignored for this session
JavaScript error: resource://gre/modules/URIFixup.jsm, line 271: NS_ERROR_FAILURE: Should pass a non-null uri
JavaScript error: https://www.gstatic.com/_/freebird/_/js/k=freebird.v.th.IfTZEhgLWfs.O/d=1/ct=zgms/rs=AMjVe6h1ukPHcTsMqxCzS5KT31FNBPQWYw/m=viewer_base line 55 > eval, line 6: ReferenceError: chrome is not defined
1601218466771	Marionette	INFO	Stopped listening on port 50099

###!!! [Child][RunMessage] Error: Channel closing: too late to send/recv, messages will be lost


###!!! [Child][MessageChannel::SendAndWait] Error: Channel error: cannot send/recv

1601218470999	geckodriver	INFO	Listening on 127.0.0.1:50185
1601218474052	mozrunner::runner	INFO	Running command: "C:\\Program Files\\Mozilla Firefox\\firefox.exe" "--marionette" "-foreground" "-no-remote" "-profile" "C:\\Users\\LELOUC~1\\AppData\\Local\\Temp\\rust_mozprofileG7g49t"
Can't find symbol 'eglSwapBuffersWithDamageEXT'.
JavaScript error: resource://gre/modules/XULStore.jsm, line 66: Error: Can't find profile directory.
console.error: SearchCache: "_readCacheFile: Error reading cache file:" (new Error("", "(unknown module)"))
1601218477128	Marionette	INFO	Listening on port 50195
1601218477206	Marionette	WARN	TLS certificate errors will be ignored for this session
JavaScript error: resource://gre/modules/URIFixup.jsm, line 271: NS_ERROR_FAILURE: Should pass a non-null uri
JavaScript error: https://www.gstatic.com/_/freebird/_/js/k=freebird.v.th.IfTZEhgLWfs.O/d=1/ct=zgms/rs=AMjVe6h1ukPHcTsMqxCzS5KT31FNBPQWYw/m=viewer_base line 55 > eval, line 6: ReferenceError: chrome is not defined
1601218497602	Marionette	INFO	Stopped listening on port 50195

###!!! [Child][MessageChannel::SendAndWait] Error: Channel error: cannot send/recv

1601218527637	geckodriver	INFO	Listening on 127.0.0.1:50291
1601218530695	mozrunner::runner	INFO	Running command: "C:\\Program Files\\Mozilla Firefox\\firefox.exe" "--marionette" "-foreground" "-no-remote" "-profile" "C:\\Users\\LELOUC~1\\AppData\\Local\\Temp\\rust_mozprofile8lClRX"
Can't find symbol 'eglSwapBuffersWithDamageEXT'.
JavaScript error: resource://gre/modules/XULStore.jsm, line 66: Error: Can't find profile directory.
console.error: SearchCache: "_readCacheFile: Error reading cache file:" (new Error("", "(unknown module)"))
1601218533914	Marionette	INFO	Listening on port 50301
1601218534358	Marionette	WARN	TLS certificate errors will be ignored for this session
JavaScript error: https://www.gstatic.com/_/freebird/_/js/k=freebird.v.th.IfTZEhgLWfs.O/d=1/ct=zgms/rs=AMjVe6h1ukPHcTsMqxCzS5KT31FNBPQWYw/m=viewer_base line 55 > eval, line 6: ReferenceError: chrome is not defined
1601218545618	Marionette	INFO	Stopped listening on port 50301

###!!! [Child][RunMessage] Error: Channel closing: too late to send/recv, messages will be lost


###!!! [Child][MessageChannel::SendAndWait] Error: Channel error: cannot send/recv

1601218550622	geckodriver	INFO	Listening on 127.0.0.1:50371
1601218553660	mozrunner::runner	INFO	Running command: "C:\\Program Files\\Mozilla Firefox\\firefox.exe" "--marionette" "-foreground" "-no-remote" "-profile" "C:\\Users\\LELOUC~1\\AppData\\Local\\Temp\\rust_mozprofileg0nIKR"
Can't find symbol 'eglSwapBuffersWithDamageEXT'.
JavaScript error: resource://gre/modules/XULStore.jsm, line 66: Error: Can't find profile directory.
console.error: SearchCache: "_readCacheFile: Error reading cache file:" (new Error("", "(unknown module)"))
1601218556797	Marionette	INFO	Listening on port 50380
1601218556820	Marionette	WARN	TLS certificate errors will be ignored for this session
JavaScript error: resource://gre/modules/URIFixup.jsm, line 271: NS_ERROR_FAILURE: Should pass a non-null uri
JavaScript error: https://www.gstatic.com/_/freebird/_/js/k=freebird.v.th.IfTZEhgLWfs.O/d=1/ct=zgms/rs=AMjVe6h1ukPHcTsMqxCzS5KT31FNBPQWYw/m=viewer_base line 55 > eval, line 6: ReferenceError: chrome is not defined
1601218581946	Marionette	INFO	Stopped listening on port 50380

###!!! [Child][RunMessage] Error: Channel closing: too late to send/recv, messages will be lost


###!!! [Child][MessageChannel::SendAndWait] Error: Channel error: cannot send/recv

1601218633098	geckodriver	INFO	Listening on 127.0.0.1:50496
1601218636158	mozrunner::runner	INFO	Running command: "C:\\Program Files\\Mozilla Firefox\\firefox.exe" "--marionette" "-foreground" "-no-remote" "-profile" "C:\\Users\\LELOUC~1\\AppData\\Local\\Temp\\rust_mozprofileGOiOJB"
Can't find symbol 'eglSwapBuffersWithDamageEXT'.
JavaScript error: resource://gre/modules/XULStore.jsm, line 66: Error: Can't find profile directory.
console.error: SearchCache: "_readCacheFile: Error reading cache file:" (new Error("", "(unknown module)"))
1601218639343	Marionette	INFO	Listening on port 50505
1601218639837	Marionette	WARN	TLS certificate errors will be ignored for this session
JavaScript error: resource://gre/modules/URIFixup.jsm, line 271: NS_ERROR_FAILURE: Should pass a non-null uri
A content process crashed and MOZ_CRASHREPORTER_SHUTDOWN is set, shutting down

###!!! [Parent][MessageChannel] Error: (msgtype=0x390141,name=PContent::Msg_AsyncMessage) Channel error: cannot send/recv

A content process crashed and MOZ_CRASHREPORTER_SHUTDOWN is set, shutting down
JavaScript error: resource://gre/actors/BrowserElementParent.jsm, line 180: Error: permitUnload is already running for this tab.
1601218791926	geckodriver	INFO	Listening on 127.0.0.1:50670
1601218794973	mozrunner::runner	INFO	Running command: "C:\\Program Files\\Mozilla Firefox\\firefox.exe" "--marionette" "-foreground" "-no-remote" "-profile" "C:\\Users\\LELOUC~1\\AppData\\Local\\Temp\\rust_mozprofile9EXHru"
Can't find symbol 'eglSwapBuffersWithDamageEXT'.
JavaScript error: resource://gre/modules/XULStore.jsm, line 66: Error: Can't find profile directory.
console.error: SearchCache: "_readCacheFile: Error reading cache file:" (new Error("", "(unknown module)"))
1601218797963	Marionette	INFO	Listening on port 50680
1601218798139	Marionette	WARN	TLS certificate errors will be ignored for this session
JavaScript error: resource://gre/modules/URIFixup.jsm, line 271: NS_ERROR_FAILURE: Should pass a non-null uri
JavaScript error: https://www.gstatic.com/_/freebird/_/js/k=freebird.v.th.IfTZEhgLWfs.O/d=1/ct=zgms/rs=AMjVe6h1ukPHcTsMqxCzS5KT31FNBPQWYw/m=viewer_base line 55 > eval, line 6: ReferenceError: chrome is not defined
1601218949726	Marionette	INFO	Stopped listening on port 50680

###!!! [Child][RunMessage] Error: Channel closing: too late to send/recv, messages will be lost


###!!! [Child][MessageChannel::SendAndWait] Error: Channel error: cannot send/recv

l\\Temp\\rust_mozprofileseSAAo"
Can't find symbol 'eglSwapBuffersWithDamageEXT'.
JavaScript error: resource://gre/modules/XULStore.jsm, line 66: Error: Can't find profile directory.
console.error: SearchCache: "_readCacheFile: Error reading cache file:" (new Error("", "(unknown module)"))
1601218949419	Marionette	INFO	Listening on port 50843
1601218949525	Marionette	WARN	TLS certificate errors will be ignored for this session
JavaScript error: https://www.gstatic.com/_/freebird/_/js/k=freebird.v.th.IfTZEhgLWfs.O/d=1/ct=zgms/rs=AMjVe6h1ukPHcTsMqxCzS5KT31FNBPQWYw/m=viewer_base line 55 > eval, line 6: ReferenceError: chrome is not defined
JavaScript error: https://www.gstatic.com/_/freebird/_/js/k=freebird.v.th.IfTZEhgLWfs.O/d=1/ct=zgms/rs=AMjVe6h1ukPHcTsMqxCzS5KT31FNBPQWYw/m=viewer_base line 55 > eval, line 6: ReferenceError: chrome is not defined
JavaScript error: https://www.gstatic.com/_/freebird/_/js/k=freebird.v.th.IfTZEhgLWfs.O/d=1/ct=zgms/rs=AMjVe6h1ukPHcTsMqxCzS5KT31FNBPQWYw/m=viewer_base line 55 > eval, line 6: ReferenceError: chrome is not defined
JavaScript error: https://www.gstatic.com/_/freebird/_/js/k=freebird.v.th.IfTZEhgLWfs.O/d=1/ct=zgms/rs=AMjVe6h1ukPHcTsMqxCzS5KT31FNBPQWYw/m=viewer_base line 55 > eval, line 6: ReferenceError: chrome is not defined
JavaScript error: https://www.gstatic.com/_/freebird/_/js/k=freebird.v.th.IfTZEhgLWfs.O/d=1/ct=zgms/rs=AMjVe6h1ukPHcTsMqxCzS5KT31FNBPQWYw/m=viewer_base line 55 > eval, line 6: ReferenceError: chrome is not defined
JavaScript error: https://www.gstatic.com/_/freebird/_/js/k=freebird.v.th.IfTZEhgLWfs.O/d=1/ct=zgms/rs=AMjVe6h1ukPHcTsMqxCzS5KT31FNBPQWYw/m=viewer_base line 55 > eval, line 6: ReferenceError: chrome is not defined
JavaScript error: https://www.gstatic.com/_/freebird/_/js/k=freebird.v.th.IfTZEhgLWfs.O/d=1/ct=zgms/rs=AMjVe6h1ukPHcTsMqxCzS5KT31FNBPQWYw/m=viewer_base line 55 > eval, line 6: ReferenceError: chrome is not defined
JavaScript error: https://www.gstatic.com/_/freebird/_/js/k=freebird.v.th.IfTZEhgLWfs.O/d=1/ct=zgms/rs=AMjVe6h1ukPHcTsMqxCzS5KT31FNBPQWYw/m=viewer_base line 55 > eval, line 6: ReferenceError: chrome is not defined
JavaScript error: https://www.gstatic.com/_/freebird/_/js/k=freebird.v.th.IfTZEhgLWfs.O/d=1/ct=zgms/rs=AMjVe6h1ukPHcTsMqxCzS5KT31FNBPQWYw/m=viewer_base line 55 > eval, line 6: ReferenceError: chrome is not defined
1601219198562	Marionette	INFO	Stopped listening on port 50843

###!!! [Child][RunMessage] Error: Channel closing: too late to send/recv, messages will be lost


###!!! [Child][MessageChannel::SendAndWait] Error: Channel error: cannot send/recv

1601219215665	geckodriver	INFO	Listening on 127.0.0.1:51117
1601219218696	mozrunner::runner	INFO	Running command: "C:\\Program Files\\Mozilla Firefox\\firefox.exe" "--marionette" "-foreground" "-no-remote" "-profile" "C:\\Users\\LELOUC~1\\AppData\\Local\\Temp\\rust_mozprofileD6hx2Y"
Can't find symbol 'eglSwapBuffersWithDamageEXT'.
JavaScript error: resource://gre/modules/XULStore.jsm, line 66: Error: Can't find profile directory.
console.error: SearchCache: "_readCacheFile: Error reading cache file:" (new Error("", "(unknown module)"))
1601219221790	Marionette	INFO	Listening on port 51126
1601219221861	Marionette	WARN	TLS certificate errors will be ignored for this session
JavaScript error: https://www.gstatic.com/_/freebird/_/js/k=freebird.v.th.IfTZEhgLWfs.O/d=1/ct=zgms/rs=AMjVe6h1ukPHcTsMqxCzS5KT31FNBPQWYw/m=viewer_base line 55 > eval, line 6: ReferenceError: chrome is not defined
JavaScript error: https://www.gstatic.com/_/freebird/_/js/k=freebird.v.th.IfTZEhgLWfs.O/d=1/ct=zgms/rs=AMjVe6h1ukPHcTsMqxCzS5KT31FNBPQWYw/m=viewer_base line 55 > eval, line 6: ReferenceError: chrome is not defined
JavaScript error: https://www.gstatic.com/_/freebird/_/js/k=freebird.v.th.IfTZEhgLWfs.O/d=1/ct=zgms/rs=AMjVe6h1ukPHcTsMqxCzS5KT31FNBPQWYw/m=viewer_base line 55 > eval, line 6: ReferenceError: chrome is not defined
JavaScript error: https://www.gstatic.com/_/freebird/_/js/k=freebird.v.th.IfTZEhgLWfs.O/d=1/ct=zgms/rs=AMjVe6h1ukPHcTsMqxCzS5KT31FNBPQWYw/m=viewer_base line 55 > eval, line 6: ReferenceError: chrome is not defined
JavaScript error: https://www.gstatic.com/_/freebird/_/js/k=freebird.v.th.IfTZEhgLWfs.O/d=1/ct=zgms/rs=AMjVe6h1ukPHcTsMqxCzS5KT31FNBPQWYw/m=viewer_base line 55 > eval, line 6: ReferenceError: chrome is not defined
1601219451104	geckodriver	INFO	Listening on 127.0.0.1:51367
1601219454135	mozrunner::runner	INFO	Running command: "C:\\Program Files\\Mozilla Firefox\\firefox.exe" "--marionette" "-foreground" "-no-remote" "-profile" "C:\\Users\\LELOUC~1\\AppData\\Local\\Temp\\rust_mozprofilemovx4m"
Can't find symbol 'eglSwapBuffersWithDamageEXT'.
JavaScript error: resource://gre/modules/XULStore.jsm, line 66: Error: Can't find profile directory.
console.error: SearchCache: "_readCacheFile: Error reading cache file:" (new Error("", "(unknown module)"))
1601219457603	Marionette	INFO	Listening on port 51377
1601219457795	Marionette	WARN	TLS certificate errors will be ignored for this session
1601219571482	Marionette	INFO	Stopped listening on port 51377

###!!! [Child][RunMessage] Error: Channel closing: too late to send/recv, messages will be lost


###!!! [Child][MessageChannel::SendAndWait] Error: Channel error: cannot send/recv

1601219587325	geckodriver	INFO	Listening on 127.0.0.1:51539
1601219590360	mozrunner::runner	INFO	Running command: "C:\\Program Files\\Mozilla Firefox\\firefox.exe" "--marionette" "-foreground" "-no-remote" "-profile" "C:\\Users\\LELOUC~1\\AppData\\Local\\Temp\\rust_mozprofilewv61aG"
Can't find symbol 'eglSwapBuffersWithDamageEXT'.
JavaScript error: resource://gre/modules/XULStore.jsm, line 66: Error: Can't find profile directory.
console.error: SearchCache: "_readCacheFile: Error reading cache file:" (new Error("", "(unknown module)"))
1601219593466	Marionette	INFO	Listening on port 51549
1601219593532	Marionette	WARN	TLS certificate errors will be ignored for this session
JavaScript error: https://www.gstatic.com/_/freebird/_/js/k=freebird.v.th.IfTZEhgLWfs.O/d=1/ct=zgms/rs=AMjVe6h1ukPHcTsMqxCzS5KT31FNBPQWYw/m=viewer_base line 55 > eval, line 6: ReferenceError: chrome is not defined
JavaScript error: https://www.gstatic.com/_/freebird/_/js/k=freebird.v.th.IfTZEhgLWfs.O/d=1/ct=zgms/rs=AMjVe6h1ukPHcTsMqxCzS5KT31FNBPQWYw/m=viewer_base line 55 > eval, line 6: ReferenceError: chrome is not defined
JavaScript error: https://www.gstatic.com/_/freebird/_/js/k=freebird.v.th.IfTZEhgLWfs.O/d=1/ct=zgms/rs=AMjVe6h1ukPHcTsMqxCzS5KT31FNBPQWYw/m=viewer_base line 55 > eval, line 6: ReferenceError: chrome is not defined
JavaScript error: https://www.gstatic.com/_/freebird/_/js/k=freebird.v.th.IfTZEhgLWfs.O/d=1/ct=zgms/rs=AMjVe6h1ukPHcTsMqxCzS5KT31FNBPQWYw/m=viewer_base line 55 > eval, line 6: ReferenceError: chrome is not defined
JavaScript error: https://www.gstatic.com/_/freebird/_/js/k=freebird.v.th.IfTZEhgLWfs.O/d=1/ct=zgms/rs=AMjVe6h1ukPHcTsMqxCzS5KT31FNBPQWYw/m=viewer_base line 55 > eval, line 6: ReferenceError: chrome is not defined
JavaScript error: https://www.gstatic.com/_/freebird/_/js/k=freebird.v.th.IfTZEhgLWfs.O/d=1/ct=zgms/rs=AMjVe6h1ukPHcTsMqxCzS5KT31FNBPQWYw/m=viewer_base line 55 > eval, line 6: ReferenceError: chrome is not defined
JavaScript error: https://www.gstatic.com/_/freebird/_/js/k=freebird.v.th.IfTZEhgLWfs.O/d=1/ct=zgms/rs=AMjVe6h1ukPHcTsMqxCzS5KT31FNBPQWYw/m=viewer_base line 55 > eval, line 6: ReferenceError: chrome is not defined
JavaScript error: https://www.gstatic.com/_/freebird/_/js/k=freebird.v.th.IfTZEhgLWfs.O/d=1/ct=zgms/rs=AMjVe6h1ukPHcTsMqxCzS5KT31FNBPQWYw/m=viewer_base line 55 > eval, line 6: ReferenceError: chrome is not defined
JavaScript error: https://www.gstatic.com/_/freebird/_/js/k=freebird.v.th.IfTZEhgLWfs.O/d=1/ct=zgms/rs=AMjVe6h1ukPHcTsMqxCzS5KT31FNBPQWYw/m=viewer_base line 55 > eval, line 6: ReferenceError: chrome is not defined
JavaScript error: https://www.gstatic.com/_/freebird/_/js/k=freebird.v.th.IfTZEhgLWfs.O/d=1/ct=zgms/rs=AMjVe6h1ukPHcTsMqxCzS5KT31FNBPQWYw/m=viewer_base line 55 > eval, line 6: ReferenceError: chrome is not defined
JavaScript error: https://www.gstatic.com/_/freebird/_/js/k=freebird.v.th.IfTZEhgLWfs.O/d=1/ct=zgms/rs=AMjVe6h1ukPHcTsMqxCzS5KT31FNBPQWYw/m=viewer_base line 55 > eval, line 6: ReferenceError: chrome is not defined
JavaScript error: https://www.gstatic.com/_/freebird/_/js/k=freebird.v.th.IfTZEhgLWfs.O/d=1/ct=zgms/rs=AMjVe6h1ukPHcTsMqxCzS5KT31FNBPQWYw/m=viewer_base line 55 > eval, line 6: ReferenceError: chrome is not defined
JavaScript error: https://www.gstatic.com/_/freebird/_/js/k=freebird.v.th.IfTZEhgLWfs.O/d=1/ct=zgms/rs=AMjVe6h1ukPHcTsMqxCzS5KT31FNBPQWYw/m=viewer_base line 55 > eval, line 6: ReferenceError: chrome is not defined
JavaScript error: https://www.gstatic.com/_/freebird/_/js/k=freebird.v.th.IfTZEhgLWfs.O/d=1/ct=zgms/rs=AMjVe6h1ukPHcTsMqxCzS5KT31FNBPQWYw/m=viewer_base line 55 > eval, line 6: ReferenceError: chrome is not defined
JavaScript error: https://www.gstatic.com/_/freebird/_/js/k=freebird.v.th.IfTZEhgLWfs.O/d=1/ct=zgms/rs=AMjVe6h1ukPHcTsMqxCzS5KT31FNBPQWYw/m=viewer_base line 55 > eval, line 6: ReferenceError: chrome is not defined
JavaScript error: https://www.gstatic.com/_/freebird/_/js/k=freebird.v.th.IfTZEhgLWfs.O/d=1/ct=zgms/rs=AMjVe6h1ukPHcTsMqxCzS5KT31FNBPQWYw/m=viewer_base line 55 > eval, line 6: ReferenceError: chrome is not defined
JavaScript error: https://www.gstatic.com/_/freebird/_/js/k=freebird.v.th.IfTZEhgLWfs.O/d=1/ct=zgms/rs=AMjVe6h1ukPHcTsMqxCzS5KT31FNBPQWYw/m=viewer_base line 55 > eval, line 6: ReferenceError: chrome is not defined
JavaScript error: https://www.gstatic.com/_/freebird/_/js/k=freebird.v.th.IfTZEhgLWfs.O/d=1/ct=zgms/rs=AMjVe6h1ukPHcTsMqxCzS5KT31FNBPQWYw/m=viewer_base line 55 > eval, line 6: ReferenceError: chrome is not defined
JavaScript error: https://www.gstatic.com/_/freebird/_/js/k=freebird.v.th.IfTZEhgLWfs.O/d=1/ct=zgms/rs=AMjVe6h1ukPHcTsMqxCzS5KT31FNBPQWYw/m=viewer_base line 55 > eval, line 6: ReferenceError: chrome is not defined
JavaScript error: https://www.gstatic.com/_/freebird/_/js/k=freebird.v.th.IfTZEhgLWfs.O/d=1/ct=zgms/rs=AMjVe6h1ukPHcTsMqxCzS5KT31FNBPQWYw/m=viewer_base line 55 > eval, line 6: ReferenceError: chrome is not defined
JavaScript error: https://www.gstatic.com/_/freebird/_/js/k=freebird.v.th.IfTZEhgLWfs.O/d=1/ct=zgms/rs=AMjVe6h1ukPHcTsMqxCzS5KT31FNBPQWYw/m=viewer_base line 55 > eval, line 6: ReferenceError: chrome is not defined
JavaScript error: https://www.gstatic.com/_/freebird/_/js/k=freebird.v.th.IfTZEhgLWfs.O/d=1/ct=zgms/rs=AMjVe6h1ukPHcTsMqxCzS5KT31FNBPQWYw/m=viewer_base line 55 > eval, line 6: ReferenceError: chrome is not defined
JavaScript error: https://www.gstatic.com/_/freebird/_/js/k=freebird.v.th.IfTZEhgLWfs.O/d=1/ct=zgms/rs=AMjVe6h1ukPHcTsMqxCzS5KT31FNBPQWYw/m=viewer_base line 55 > eval, line 6: ReferenceError: chrome is not defined
JavaScript error: https://www.gstatic.com/_/freebird/_/js/k=freebird.v.th.IfTZEhgLWfs.O/d=1/ct=zgms/rs=AMjVe6h1ukPHcTsMqxCzS5KT31FNBPQWYw/m=viewer_base line 55 > eval, line 6: ReferenceError: chrome is not defined
1601219949539	geckodriver	INFO	Listening on 127.0.0.1:51913
1601219952563	mozrunner::runner	INFO	Running command: "C:\\Program Files\\Mozilla Firefox\\firefox.exe" "--marionette" "-foreground" "-no-remote" "-profile" "C:\\Users\\LELOUC~1\\AppData\\Local\\Temp\\rust_mozprofileNHlLl2"
Can't find symbol 'eglSwapBuffersWithDamageEXT'.
JavaScript error: resource://gre/modules/XULStore.jsm, line 66: Error: Can't find profile directory.
console.error: SearchCache: "_readCacheFile: Error reading cache file:" (new Error("", "(unknown module)"))
1601219954983	Marionette	INFO	Listening on port 51923
1601219955230	Marionette	WARN	TLS certificate errors will be ignored for this session
JavaScript error: https://www.gstatic.com/_/freebird/_/js/k=freebird.v.th.IfTZEhgLWfs.O/d=1/ct=zgms/rs=AMjVe6h1ukPHcTsMqxCzS5KT31FNBPQWYw/m=viewer_base line 55 > eval, line 6: ReferenceError: chrome is not defined
JavaScript error: https://www.gstatic.com/_/freebird/_/js/k=freebird.v.th.IfTZEhgLWfs.O/d=1/ct=zgms/rs=AMjVe6h1ukPHcTsMqxCzS5KT31FNBPQWYw/m=viewer_base line 55 > eval, line 6: ReferenceError: chrome is not defined
JavaScript error: https://www.gstatic.com/_/freebird/_/js/k=freebird.v.th.IfTZEhgLWfs.O/d=1/ct=zgms/rs=AMjVe6h1ukPHcTsMqxCzS5KT31FNBPQWYw/m=viewer_base line 55 > eval, line 6: ReferenceError: chrome is not defined
JavaScript error: https://www.gstatic.com/_/freebird/_/js/k=freebird.v.th.IfTZEhgLWfs.O/d=1/ct=zgms/rs=AMjVe6h1ukPHcTsMqxCzS5KT31FNBPQWYw/m=viewer_base line 55 > eval, line 6: ReferenceError: chrome is not defined
JavaScript error: https://www.gstatic.com/_/freebird/_/js/k=freebird.v.th.IfTZEhgLWfs.O/d=1/ct=zgms/rs=AMjVe6h1ukPHcTsMqxCzS5KT31FNBPQWYw/m=viewer_base line 55 > eval, line 6: ReferenceError: chrome is not defined
JavaScript error: https://www.gstatic.com/_/freebird/_/js/k=freebird.v.th.IfTZEhgLWfs.O/d=1/ct=zgms/rs=AMjVe6h1ukPHcTsMqxCzS5KT31FNBPQWYw/m=viewer_base line 55 > eval, line 6: ReferenceError: chrome is not defined
JavaScript error: https://www.gstatic.com/_/freebird/_/js/k=freebird.v.th.IfTZEhgLWfs.O/d=1/ct=zgms/rs=AMjVe6h1ukPHcTsMqxCzS5KT31FNBPQWYw/m=viewer_base line 55 > eval, line 6: ReferenceError: chrome is not defined
JavaScript error: https://www.gstatic.com/_/freebird/_/js/k=freebird.v.th.IfTZEhgLWfs.O/d=1/ct=zgms/rs=AMjVe6h1ukPHcTsMqxCzS5KT31FNBPQWYw/m=viewer_base line 55 > eval, line 6: ReferenceError: chrome is not defined
JavaScript error: https://www.gstatic.com/_/freebird/_/js/k=freebird.v.th.IfTZEhgLWfs.O/d=1/ct=zgms/rs=AMjVe6h1ukPHcTsMqxCzS5KT31FNBPQWYw/m=viewer_base line 55 > eval, line 6: ReferenceError: chrome is not defined
1601220082457	geckodriver	INFO	Listening on 127.0.0.1:52065
1601220085532	mozrunner::runner	INFO	Running command: "C:\\Program Files\\Mozilla Firefox\\firefox.exe" "--marionette" "-foreground" "-no-remote" "-profile" "C:\\Users\\LELOUC~1\\AppData\\Local\\Temp\\rust_mozprofile0K6Y2Y"
Can't find symbol 'eglSwapBuffersWithDamageEXT'.
JavaScript error: resource://gre/modules/XULStore.jsm, line 66: Error: Can't find profile directory.
console.error: SearchCache: "_readCacheFile: Error reading cache file:" (new Error("", "(unknown module)"))
1601220088052	Marionette	INFO	Listening on port 52074
1601220088175	Marionette	WARN	TLS certificate errors will be ignored for this session
JavaScript error: https://www.gstatic.com/_/freebird/_/js/k=freebird.v.th.IfTZEhgLWfs.O/d=1/ct=zgms/rs=AMjVe6h1ukPHcTsMqxCzS5KT31FNBPQWYw/m=viewer_base line 55 > eval, line 6: ReferenceError: chrome is not defined
JavaScript error: https://www.gstatic.com/_/freebird/_/js/k=freebird.v.th.IfTZEhgLWfs.O/d=1/ct=zgms/rs=AMjVe6h1ukPHcTsMqxCzS5KT31FNBPQWYw/m=viewer_base line 55 > eval, line 6: ReferenceError: chrome is not defined
JavaScript error: https://www.gstatic.com/_/freebird/_/js/k=freebird.v.th.IfTZEhgLWfs.O/d=1/ct=zgms/rs=AMjVe6h1ukPHcTsMqxCzS5KT31FNBPQWYw/m=viewer_base line 55 > eval, line 6: ReferenceError: chrome is not defined
JavaScript error: https://www.gstatic.com/_/freebird/_/js/k=freebird.v.th.IfTZEhgLWfs.O/d=1/ct=zgms/rs=AMjVe6h1ukPHcTsMqxCzS5KT31FNBPQWYw/m=viewer_base line 55 > eval, line 6: ReferenceError: chrome is not defined
JavaScript error: https://www.gstatic.com/_/freebird/_/js/k=freebird.v.th.IfTZEhgLWfs.O/d=1/ct=zgms/rs=AMjVe6h1ukPHcTsMqxCzS5KT31FNBPQWYw/m=viewer_base line 55 > eval, line 6: ReferenceError: chrome is not defined
JavaScript error: https://www.gstatic.com/_/freebird/_/js/k=freebird.v.th.IfTZEhgLWfs.O/d=1/ct=zgms/rs=AMjVe6h1ukPHcTsMqxCzS5KT31FNBPQWYw/m=viewer_base line 55 > eval, line 6: ReferenceError: chrome is not defined
JavaScript error: https://www.gstatic.com/_/freebird/_/js/k=freebird.v.th.IfTZEhgLWfs.O/d=1/ct=zgms/rs=AMjVe6h1ukPHcTsMqxCzS5KT31FNBPQWYw/m=viewer_base line 55 > eval, line 6: ReferenceError: chrome is not defined
